<?xml version="1.0" encoding="UTF-8"?>
<!-- Generated by org.testng.reporters.JUnitReportReporter -->
<testsuite hostname="LTIN-APLCM67P4QHG4" failures="0" tests="1" name="scenario1.Page.Scenario1Test" time="18.853" errors="0" timestamp="2024-05-18T11:56:29 IST" skipped="0">
  <testcase classname="scenario1.Page.Scenario1Test" name="test" time="18.853"/>
  <system-out/>
</testsuite> <!-- scenario1.Page.Scenario1Test -->
