<?xml version="1.0" encoding="UTF-8"?>
<!-- Generated by org.testng.reporters.JUnitReportReporter -->
<testsuite hostname="LTIN-APLCM67P4QHG4" failures="0" tests="1" name="scenario1.Page.ScenarioTestingClass" time="10.913" errors="0" timestamp="2024-05-18T10:15:38 IST" skipped="0">
  <testcase classname="scenario1.Page.ScenarioTestingClass" name="execute" time="10.913"/>
  <system-out/>
</testsuite> <!-- scenario1.Page.ScenarioTestingClass -->
