<?xml version="1.0" encoding="UTF-8"?>
<!-- Generated by org.testng.reporters.JUnitReportReporter -->
<testsuite hostname="LTIN-APLCM67P4QHG4" failures="0" tests="1" name="scenario3.Scenario3Test" time="5.993" errors="0" timestamp="2024-05-18T19:54:18 IST" skipped="0">
  <testcase classname="scenario3.Scenario3Test" name="test" time="5.993"/>
  <system-out/>
</testsuite> <!-- scenario3.Scenario3Test -->
