<?xml version="1.0" encoding="UTF-8"?>
<!-- Generated by org.testng.reporters.JUnitReportReporter -->
<testsuite hostname="LTIN-APLCM67P4QHG4" failures="0" tests="1" name="scenario1.Scenario1Test" time="23.917" errors="0" timestamp="2024-05-18T19:54:18 IST" skipped="0">
  <testcase classname="scenario1.Scenario1Test" name="test" time="23.917"/>
  <system-out/>
</testsuite> <!-- scenario1.Scenario1Test -->
